<?xml version="1.0" encoding="UTF-8"?>
<testng-results ignored="0" total="1" passed="1" failed="0" skipped="0">
  <reporter-output>
  </reporter-output>
  <suite started-at="2024-04-01T17:46:21 IST" name="Default suite" finished-at="2024-04-01T17:46:24 IST" duration-ms="2460">
    <groups>
    </groups>
    <test started-at="2024-04-01T17:46:21 IST" name="Default test" finished-at="2024-04-01T17:46:24 IST" duration-ms="2460">
      <class name="requestBody_Payload.Hashmap_4">
        <test-method signature="createUser()[pri:0, instance:requestBody_Payload.Hashmap_4@40a4337a]" started-at="2024-04-01T17:46:21 IST" name="createUser" finished-at="2024-04-01T17:46:24 IST" duration-ms="2423" status="PASS">
          <reporter-output>
          </reporter-output>
        </test-method> <!-- createUser -->
      </class> <!-- requestBody_Payload.Hashmap_4 -->
    </test> <!-- Default test -->
  </suite> <!-- Default suite -->
</testng-results>
